<?xml version="1.0" encoding="UTF-8"?>
<coverage generated="1601161194230" clover="3.2.0">
  <project timestamp="1601161194230" name="All files">
    <metrics statements="89" coveredstatements="21" conditionals="50" coveredconditionals="0" methods="24" coveredmethods="3" elements="163" coveredelements="24" complexity="0" loc="89" ncloc="89" packages="3" files="8" classes="8"/>
    <package name="lib">
      <metrics statements="9" coveredstatements="4" conditionals="0" coveredconditionals="0" methods="6" coveredmethods="1"/>
      <file name="routes.js" path="/Users/nickwtimms/Desktop/Galvanize_Work/FEC/ratings-and-reviews/client/lib/routes.js">
        <metrics statements="9" coveredstatements="4" conditionals="0" coveredconditionals="0" methods="6" coveredmethods="1"/>
        <line num="3" count="1" type="stmt"/>
        <line num="4" count="2" type="stmt"/>
        <line num="5" count="2" type="stmt"/>
        <line num="6" count="0" type="stmt"/>
        <line num="7" count="0" type="stmt"/>
        <line num="10" count="1" type="stmt"/>
        <line num="11" count="0" type="stmt"/>
        <line num="12" count="0" type="stmt"/>
        <line num="13" count="0" type="stmt"/>
      </file>
    </package>
    <package name="src">
      <metrics statements="10" coveredstatements="5" conditionals="4" coveredconditionals="0" methods="4" coveredmethods="2"/>
      <file name="App.jsx" path="/Users/nickwtimms/Desktop/Galvanize_Work/FEC/ratings-and-reviews/client/src/App.jsx">
        <metrics statements="10" coveredstatements="5" conditionals="4" coveredconditionals="0" methods="4" coveredmethods="2"/>
        <line num="15" count="1" type="stmt"/>
        <line num="16" count="2" type="stmt"/>
        <line num="19" count="2" type="stmt"/>
        <line num="20" count="2" type="stmt"/>
        <line num="21" count="0" type="cond" truecount="0" falsecount="2"/>
        <line num="22" count="0" type="stmt"/>
        <line num="24" count="0" type="stmt"/>
        <line num="25" count="0" type="stmt"/>
        <line num="30" count="2" type="stmt"/>
        <line num="38" count="0" type="cond" truecount="0" falsecount="2"/>
      </file>
    </package>
    <package name="src.components.singleReview">
      <metrics statements="70" coveredstatements="12" conditionals="46" coveredconditionals="0" methods="14" coveredmethods="0"/>
      <file name="reviewBody.jsx" path="/Users/nickwtimms/Desktop/Galvanize_Work/FEC/ratings-and-reviews/client/src/components/singleReview/reviewBody.jsx">
        <metrics statements="16" coveredstatements="2" conditionals="12" coveredconditionals="0" methods="3" coveredmethods="0"/>
        <line num="6" count="1" type="stmt"/>
        <line num="7" count="0" type="stmt"/>
        <line num="8" count="0" type="stmt"/>
        <line num="10" count="0" type="stmt"/>
        <line num="11" count="0" type="stmt"/>
        <line num="13" count="0" type="stmt"/>
        <line num="14" count="0" type="cond" truecount="0" falsecount="2"/>
        <line num="15" count="0" type="stmt"/>
        <line num="16" count="0" type="stmt"/>
        <line num="17" count="0" type="stmt"/>
        <line num="19" count="0" type="stmt"/>
        <line num="20" count="0" type="stmt"/>
        <line num="24" count="0" type="cond" truecount="0" falsecount="2"/>
        <line num="26" count="0" type="stmt"/>
        <line num="33" count="0" type="cond" truecount="0" falsecount="4"/>
        <line num="39" count="1" type="stmt"/>
      </file>
      <file name="reviewHelpful.jsx" path="/Users/nickwtimms/Desktop/Galvanize_Work/FEC/ratings-and-reviews/client/src/components/singleReview/reviewHelpful.jsx">
        <metrics statements="17" coveredstatements="2" conditionals="8" coveredconditionals="0" methods="6" coveredmethods="0"/>
        <line num="6" count="1" type="stmt"/>
        <line num="7" count="0" type="stmt"/>
        <line num="8" count="0" type="stmt"/>
        <line num="10" count="0" type="stmt"/>
        <line num="11" count="0" type="stmt"/>
        <line num="14" count="0" type="stmt"/>
        <line num="15" count="0" type="stmt"/>
        <line num="16" count="0" type="cond" truecount="0" falsecount="2"/>
        <line num="17" count="0" type="stmt"/>
        <line num="19" count="0" type="stmt"/>
        <line num="20" count="0" type="cond" truecount="0" falsecount="2"/>
        <line num="21" count="0" type="stmt"/>
        <line num="23" count="0" type="stmt"/>
        <line num="24" count="0" type="stmt"/>
        <line num="31" count="0" type="stmt"/>
        <line num="35" count="0" type="cond" truecount="0" falsecount="2"/>
        <line num="42" count="1" type="stmt"/>
      </file>
      <file name="reviewRating.jsx" path="/Users/nickwtimms/Desktop/Galvanize_Work/FEC/ratings-and-reviews/client/src/components/singleReview/reviewRating.jsx">
        <metrics statements="3" coveredstatements="2" conditionals="0" coveredconditionals="0" methods="1" coveredmethods="0"/>
        <line num="6" count="1" type="stmt"/>
        <line num="7" count="0" type="stmt"/>
        <line num="19" count="1" type="stmt"/>
      </file>
      <file name="reviewRecommend.jsx" path="/Users/nickwtimms/Desktop/Galvanize_Work/FEC/ratings-and-reviews/client/src/components/singleReview/reviewRecommend.jsx">
        <metrics statements="3" coveredstatements="2" conditionals="4" coveredconditionals="0" methods="1" coveredmethods="0"/>
        <line num="4" count="1" type="stmt"/>
        <line num="5" count="0" type="stmt"/>
        <line num="11" count="1" type="stmt"/>
      </file>
      <file name="reviewSum.jsx" path="/Users/nickwtimms/Desktop/Galvanize_Work/FEC/ratings-and-reviews/client/src/components/singleReview/reviewSum.jsx">
        <metrics statements="9" coveredstatements="2" conditionals="6" coveredconditionals="0" methods="1" coveredmethods="0"/>
        <line num="4" count="1" type="stmt"/>
        <line num="5" count="0" type="stmt"/>
        <line num="6" count="0" type="stmt"/>
        <line num="7" count="0" type="cond" truecount="0" falsecount="2"/>
        <line num="8" count="0" type="stmt"/>
        <line num="10" count="0" type="stmt"/>
        <line num="11" count="0" type="stmt"/>
        <line num="13" count="0" type="stmt"/>
        <line num="21" count="1" type="stmt"/>
      </file>
      <file name="reviewTile.jsx" path="/Users/nickwtimms/Desktop/Galvanize_Work/FEC/ratings-and-reviews/client/src/components/singleReview/reviewTile.jsx">
        <metrics statements="22" coveredstatements="2" conditionals="16" coveredconditionals="0" methods="2" coveredmethods="0"/>
        <line num="12" count="1" type="stmt"/>
        <line num="13" count="0" type="stmt"/>
        <line num="14" count="0" type="stmt"/>
        <line num="15" count="0" type="stmt"/>
        <line num="17" count="0" type="stmt"/>
        <line num="18" count="0" type="stmt"/>
        <line num="19" count="0" type="cond" truecount="0" falsecount="2"/>
        <line num="20" count="0" type="stmt"/>
        <line num="22" count="0" type="stmt"/>
        <line num="23" count="0" type="stmt"/>
        <line num="24" count="0" type="stmt"/>
        <line num="25" count="0" type="stmt"/>
        <line num="26" count="0" type="stmt"/>
        <line num="28" count="0" type="cond" truecount="0" falsecount="4"/>
        <line num="29" count="0" type="stmt"/>
        <line num="30" count="0" type="cond" truecount="0" falsecount="4"/>
        <line num="31" count="0" type="stmt"/>
        <line num="33" count="0" type="stmt"/>
        <line num="35" count="0" type="stmt"/>
        <line num="36" count="0" type="stmt"/>
        <line num="40" count="0" type="stmt"/>
        <line num="55" count="1" type="stmt"/>
      </file>
    </package>
  </project>
</coverage>
