{"/Users/nickwtimms/Desktop/Galvanize_Work/FEC/ratings-and-reviews/client/lib/routes.js": {"path":"/Users/nickwtimms/Desktop/Galvanize_Work/FEC/ratings-and-reviews/client/lib/routes.js","statementMap":{"0":{"start":{"line":3,"column":22},"end":{"line":8,"column":1}},"1":{"start":{"line":4,"column":13},"end":{"line":4,"column":16}},"2":{"start":{"line":5,"column":2},"end":{"line":7,"column":41}},"3":{"start":{"line":6,"column":20},"end":{"line":6,"column":45}},"4":{"start":{"line":7,"column":20},"end":{"line":7,"column":39}},"5":{"start":{"line":10,"column":25},"end":{"line":14,"column":1}},"6":{"start":{"line":11,"column":2},"end":{"line":13,"column":35}},"7":{"start":{"line":12,"column":16},"end":{"line":12,"column":30}},"8":{"start":{"line":13,"column":20},"end":{"line":13,"column":33}}},"fnMap":{"0":{"name":"(anonymous_0)","decl":{"start":{"line":3,"column":22},"end":{"line":3,"column":23}},"loc":{"start":{"line":3,"column":36},"end":{"line":8,"column":1}},"line":3},"1":{"name":"(anonymous_1)","decl":{"start":{"line":6,"column":10},"end":{"line":6,"column":11}},"loc":{"start":{"line":6,"column":20},"end":{"line":6,"column":45}},"line":6},"2":{"name":"(anonymous_2)","decl":{"start":{"line":7,"column":11},"end":{"line":7,"column":12}},"loc":{"start":{"line":7,"column":20},"end":{"line":7,"column":39}},"line":7},"3":{"name":"(anonymous_3)","decl":{"start":{"line":10,"column":25},"end":{"line":10,"column":26}},"loc":{"start":{"line":10,"column":43},"end":{"line":14,"column":1}},"line":10},"4":{"name":"(anonymous_4)","decl":{"start":{"line":12,"column":10},"end":{"line":12,"column":11}},"loc":{"start":{"line":12,"column":16},"end":{"line":12,"column":30}},"line":12},"5":{"name":"(anonymous_5)","decl":{"start":{"line":13,"column":11},"end":{"line":13,"column":12}},"loc":{"start":{"line":13,"column":20},"end":{"line":13,"column":33}},"line":13}},"branchMap":{},"s":{"0":1,"1":2,"2":2,"3":0,"4":0,"5":1,"6":0,"7":0,"8":0},"f":{"0":2,"1":0,"2":0,"3":0,"4":0,"5":0},"b":{},"_coverageSchema":"1a1c01bbd47fc00a2c39e90264f33305004495a9","hash":"57cf0f82b52db355dd29160c0c62b227e6a9613c"}
,"/Users/nickwtimms/Desktop/Galvanize_Work/FEC/ratings-and-reviews/client/src/App.jsx": {"path":"/Users/nickwtimms/Desktop/Galvanize_Work/FEC/ratings-and-reviews/client/src/App.jsx","statementMap":{"0":{"start":{"line":15,"column":12},"end":{"line":45,"column":1}},"1":{"start":{"line":16,"column":32},"end":{"line":16,"column":44}},"2":{"start":{"line":19,"column":2},"end":{"line":28,"column":9}},"3":{"start":{"line":20,"column":4},"end":{"line":27,"column":7}},"4":{"start":{"line":21,"column":6},"end":{"line":26,"column":7}},"5":{"start":{"line":22,"column":8},"end":{"line":22,"column":18}},"6":{"start":{"line":24,"column":21},"end":{"line":24,"column":33}},"7":{"start":{"line":25,"column":8},"end":{"line":25,"column":25}},"8":{"start":{"line":30,"column":2},"end":{"line":44,"column":4}},"9":{"start":{"line":38,"column":41},"end":{"line":38,"column":96}}},"fnMap":{"0":{"name":"(anonymous_0)","decl":{"start":{"line":15,"column":12},"end":{"line":15,"column":13}},"loc":{"start":{"line":15,"column":18},"end":{"line":45,"column":1}},"line":15},"1":{"name":"(anonymous_1)","decl":{"start":{"line":19,"column":12},"end":{"line":19,"column":13}},"loc":{"start":{"line":19,"column":18},"end":{"line":28,"column":3}},"line":19},"2":{"name":"(anonymous_2)","decl":{"start":{"line":20,"column":24},"end":{"line":20,"column":25}},"loc":{"start":{"line":20,"column":39},"end":{"line":27,"column":5}},"line":20},"3":{"name":"(anonymous_3)","decl":{"start":{"line":38,"column":25},"end":{"line":38,"column":26}},"loc":{"start":{"line":38,"column":41},"end":{"line":38,"column":96}},"line":38}},"branchMap":{"0":{"loc":{"start":{"line":21,"column":6},"end":{"line":26,"column":7}},"type":"if","locations":[{"start":{"line":21,"column":6},"end":{"line":26,"column":7}},{"start":{"line":21,"column":6},"end":{"line":26,"column":7}}],"line":21},"1":{"loc":{"start":{"line":38,"column":41},"end":{"line":38,"column":96}},"type":"cond-expr","locations":[{"start":{"line":38,"column":50},"end":{"line":38,"column":91}},{"start":{"line":38,"column":94},"end":{"line":38,"column":96}}],"line":38}},"s":{"0":1,"1":2,"2":2,"3":2,"4":0,"5":0,"6":0,"7":0,"8":2,"9":0},"f":{"0":2,"1":2,"2":0,"3":0},"b":{"0":[0,0],"1":[0,0]},"_coverageSchema":"1a1c01bbd47fc00a2c39e90264f33305004495a9","hash":"42f2345f80fdb99ffeae3d8cf14d7d870b8d6d1e"}
,"/Users/nickwtimms/Desktop/Galvanize_Work/FEC/ratings-and-reviews/client/src/components/singleReview/reviewBody.jsx": {"path":"/Users/nickwtimms/Desktop/Galvanize_Work/FEC/ratings-and-reviews/client/src/components/singleReview/reviewBody.jsx","statementMap":{"0":{"start":{"line":6,"column":19},"end":{"line":37,"column":1}},"1":{"start":{"line":7,"column":31},"end":{"line":7,"column":46}},"2":{"start":{"line":8,"column":27},"end":{"line":8,"column":42}},"3":{"start":{"line":10,"column":35},"end":{"line":10,"column":47}},"4":{"start":{"line":11,"column":35},"end":{"line":11,"column":47}},"5":{"start":{"line":13,"column":2},"end":{"line":22,"column":13}},"6":{"start":{"line":14,"column":4},"end":{"line":21,"column":5}},"7":{"start":{"line":15,"column":6},"end":{"line":15,"column":38}},"8":{"start":{"line":16,"column":6},"end":{"line":16,"column":35}},"9":{"start":{"line":17,"column":6},"end":{"line":17,"column":21}},"10":{"start":{"line":19,"column":6},"end":{"line":19,"column":24}},"11":{"start":{"line":20,"column":6},"end":{"line":20,"column":22}},"12":{"start":{"line":24,"column":24},"end":{"line":24,"column":42}},"13":{"start":{"line":26,"column":2},"end":{"line":36,"column":4}},"14":{"start":{"line":33,"column":78},"end":{"line":33,"column":97}},"15":{"start":{"line":39,"column":0},"end":{"line":42,"column":2}}},"fnMap":{"0":{"name":"(anonymous_0)","decl":{"start":{"line":6,"column":19},"end":{"line":6,"column":20}},"loc":{"start":{"line":6,"column":44},"end":{"line":37,"column":1}},"line":6},"1":{"name":"(anonymous_1)","decl":{"start":{"line":13,"column":12},"end":{"line":13,"column":13}},"loc":{"start":{"line":13,"column":18},"end":{"line":22,"column":3}},"line":13},"2":{"name":"(anonymous_2)","decl":{"start":{"line":33,"column":72},"end":{"line":33,"column":73}},"loc":{"start":{"line":33,"column":78},"end":{"line":33,"column":97}},"line":33}},"branchMap":{"0":{"loc":{"start":{"line":14,"column":4},"end":{"line":21,"column":5}},"type":"if","locations":[{"start":{"line":14,"column":4},"end":{"line":21,"column":5}},{"start":{"line":14,"column":4},"end":{"line":21,"column":5}}],"line":14},"1":{"loc":{"start":{"line":24,"column":24},"end":{"line":24,"column":42}},"type":"cond-expr","locations":[{"start":{"line":24,"column":32},"end":{"line":24,"column":37}},{"start":{"line":24,"column":40},"end":{"line":24,"column":42}}],"line":24},"2":{"loc":{"start":{"line":30,"column":9},"end":{"line":30,"column":33}},"type":"cond-expr","locations":[{"start":{"line":30,"column":16},"end":{"line":30,"column":28}},{"start":{"line":30,"column":31},"end":{"line":30,"column":33}}],"line":30},"3":{"loc":{"start":{"line":31,"column":9},"end":{"line":31,"column":30}},"type":"cond-expr","locations":[{"start":{"line":31,"column":16},"end":{"line":31,"column":25}},{"start":{"line":31,"column":28},"end":{"line":31,"column":30}}],"line":31},"4":{"loc":{"start":{"line":33,"column":7},"end":{"line":33,"column":153}},"type":"cond-expr","locations":[{"start":{"line":33,"column":14},"end":{"line":33,"column":148}},{"start":{"line":33,"column":151},"end":{"line":33,"column":153}}],"line":33},"5":{"loc":{"start":{"line":33,"column":100},"end":{"line":33,"column":138}},"type":"cond-expr","locations":[{"start":{"line":33,"column":107},"end":{"line":33,"column":121}},{"start":{"line":33,"column":124},"end":{"line":33,"column":138}}],"line":33}},"s":{"0":1,"1":0,"2":0,"3":0,"4":0,"5":0,"6":0,"7":0,"8":0,"9":0,"10":0,"11":0,"12":0,"13":0,"14":0,"15":1},"f":{"0":0,"1":0,"2":0},"b":{"0":[0,0],"1":[0,0],"2":[0,0],"3":[0,0],"4":[0,0],"5":[0,0]},"_coverageSchema":"1a1c01bbd47fc00a2c39e90264f33305004495a9","hash":"ca205cc8e71091a4f2caf72d7b899a154cb6cb41"}
,"/Users/nickwtimms/Desktop/Galvanize_Work/FEC/ratings-and-reviews/client/src/components/singleReview/reviewHelpful.jsx": {"path":"/Users/nickwtimms/Desktop/Galvanize_Work/FEC/ratings-and-reviews/client/src/components/singleReview/reviewHelpful.jsx","statementMap":{"0":{"start":{"line":6,"column":16},"end":{"line":40,"column":1}},"1":{"start":{"line":7,"column":36},"end":{"line":7,"column":48}},"2":{"start":{"line":8,"column":33},"end":{"line":8,"column":47}},"3":{"start":{"line":10,"column":2},"end":{"line":12,"column":20}},"4":{"start":{"line":11,"column":4},"end":{"line":11,"column":28}},"5":{"start":{"line":14,"column":19},"end":{"line":29,"column":3}},"6":{"start":{"line":15,"column":4},"end":{"line":28,"column":7}},"7":{"start":{"line":16,"column":6},"end":{"line":27,"column":7}},"8":{"start":{"line":17,"column":8},"end":{"line":17,"column":19}},"9":{"start":{"line":19,"column":8},"end":{"line":26,"column":11}},"10":{"start":{"line":20,"column":10},"end":{"line":25,"column":11}},"11":{"start":{"line":21,"column":12},"end":{"line":21,"column":23}},"12":{"start":{"line":23,"column":12},"end":{"line":23,"column":59}},"13":{"start":{"line":24,"column":12},"end":{"line":24,"column":28}},"14":{"start":{"line":31,"column":2},"end":{"line":39,"column":4}},"15":{"start":{"line":35,"column":67},"end":{"line":35,"column":77}},"16":{"start":{"line":42,"column":0},"end":{"line":46,"column":2}}},"fnMap":{"0":{"name":"(anonymous_0)","decl":{"start":{"line":6,"column":16},"end":{"line":6,"column":17}},"loc":{"start":{"line":6,"column":51},"end":{"line":40,"column":1}},"line":6},"1":{"name":"(anonymous_1)","decl":{"start":{"line":10,"column":12},"end":{"line":10,"column":13}},"loc":{"start":{"line":10,"column":18},"end":{"line":12,"column":3}},"line":10},"2":{"name":"(anonymous_2)","decl":{"start":{"line":14,"column":19},"end":{"line":14,"column":20}},"loc":{"start":{"line":14,"column":25},"end":{"line":29,"column":3}},"line":14},"3":{"name":"(anonymous_3)","decl":{"start":{"line":15,"column":31},"end":{"line":15,"column":32}},"loc":{"start":{"line":15,"column":41},"end":{"line":28,"column":5}},"line":15},"4":{"name":"(anonymous_4)","decl":{"start":{"line":19,"column":28},"end":{"line":19,"column":29}},"loc":{"start":{"line":19,"column":44},"end":{"line":26,"column":9}},"line":19},"5":{"name":"(anonymous_5)","decl":{"start":{"line":35,"column":61},"end":{"line":35,"column":62}},"loc":{"start":{"line":35,"column":67},"end":{"line":35,"column":77}},"line":35}},"branchMap":{"0":{"loc":{"start":{"line":16,"column":6},"end":{"line":27,"column":7}},"type":"if","locations":[{"start":{"line":16,"column":6},"end":{"line":27,"column":7}},{"start":{"line":16,"column":6},"end":{"line":27,"column":7}}],"line":16},"1":{"loc":{"start":{"line":20,"column":10},"end":{"line":25,"column":11}},"type":"if","locations":[{"start":{"line":20,"column":10},"end":{"line":25,"column":11}},{"start":{"line":20,"column":10},"end":{"line":25,"column":11}}],"line":20},"2":{"loc":{"start":{"line":34,"column":9},"end":{"line":34,"column":50}},"type":"cond-expr","locations":[{"start":{"line":34,"column":22},"end":{"line":34,"column":33}},{"start":{"line":34,"column":35},"end":{"line":34,"column":50}}],"line":34},"3":{"loc":{"start":{"line":35,"column":9},"end":{"line":35,"column":94}},"type":"cond-expr","locations":[{"start":{"line":35,"column":22},"end":{"line":35,"column":89}},{"start":{"line":35,"column":92},"end":{"line":35,"column":94}}],"line":35}},"s":{"0":1,"1":0,"2":0,"3":0,"4":0,"5":0,"6":0,"7":0,"8":0,"9":0,"10":0,"11":0,"12":0,"13":0,"14":0,"15":0,"16":1},"f":{"0":0,"1":0,"2":0,"3":0,"4":0,"5":0},"b":{"0":[0,0],"1":[0,0],"2":[0,0],"3":[0,0]},"_coverageSchema":"1a1c01bbd47fc00a2c39e90264f33305004495a9","hash":"59757f0fcccba18c5a0cdc3dd3ac0107f95c8a4c"}
,"/Users/nickwtimms/Desktop/Galvanize_Work/FEC/ratings-and-reviews/client/src/components/singleReview/reviewRating.jsx": {"path":"/Users/nickwtimms/Desktop/Galvanize_Work/FEC/ratings-and-reviews/client/src/components/singleReview/reviewRating.jsx","statementMap":{"0":{"start":{"line":6,"column":15},"end":{"line":17,"column":1}},"1":{"start":{"line":7,"column":2},"end":{"line":16,"column":8}},"2":{"start":{"line":19,"column":0},"end":{"line":21,"column":2}}},"fnMap":{"0":{"name":"(anonymous_0)","decl":{"start":{"line":6,"column":15},"end":{"line":6,"column":16}},"loc":{"start":{"line":7,"column":2},"end":{"line":16,"column":8}},"line":7}},"branchMap":{},"s":{"0":1,"1":0,"2":1},"f":{"0":0},"b":{},"_coverageSchema":"1a1c01bbd47fc00a2c39e90264f33305004495a9","hash":"38543339356dd279c0503809abe6ea316e377ef3"}
,"/Users/nickwtimms/Desktop/Galvanize_Work/FEC/ratings-and-reviews/client/src/components/singleReview/reviewRecommend.jsx": {"path":"/Users/nickwtimms/Desktop/Galvanize_Work/FEC/ratings-and-reviews/client/src/components/singleReview/reviewRecommend.jsx","statementMap":{"0":{"start":{"line":4,"column":18},"end":{"line":9,"column":1}},"1":{"start":{"line":5,"column":2},"end":{"line":8,"column":8}},"2":{"start":{"line":11,"column":0},"end":{"line":13,"column":2}}},"fnMap":{"0":{"name":"(anonymous_0)","decl":{"start":{"line":4,"column":18},"end":{"line":4,"column":19}},"loc":{"start":{"line":5,"column":2},"end":{"line":8,"column":8}},"line":5}},"branchMap":{"0":{"loc":{"start":{"line":6,"column":5},"end":{"line":6,"column":49}},"type":"cond-expr","locations":[{"start":{"line":6,"column":17},"end":{"line":6,"column":44}},{"start":{"line":6,"column":47},"end":{"line":6,"column":49}}],"line":6},"1":{"loc":{"start":{"line":7,"column":5},"end":{"line":7,"column":75}},"type":"cond-expr","locations":[{"start":{"line":7,"column":17},"end":{"line":7,"column":70}},{"start":{"line":7,"column":73},"end":{"line":7,"column":75}}],"line":7}},"s":{"0":1,"1":0,"2":1},"f":{"0":0},"b":{"0":[0,0],"1":[0,0]},"_coverageSchema":"1a1c01bbd47fc00a2c39e90264f33305004495a9","hash":"c47615ad4e1b30b76f4e83786ba7370eb342665b"}
,"/Users/nickwtimms/Desktop/Galvanize_Work/FEC/ratings-and-reviews/client/src/components/singleReview/reviewSum.jsx": {"path":"/Users/nickwtimms/Desktop/Galvanize_Work/FEC/ratings-and-reviews/client/src/components/singleReview/reviewSum.jsx","statementMap":{"0":{"start":{"line":4,"column":16},"end":{"line":19,"column":1}},"1":{"start":{"line":5,"column":17},"end":{"line":5,"column":19}},"2":{"start":{"line":6,"column":18},"end":{"line":6,"column":20}},"3":{"start":{"line":7,"column":2},"end":{"line":12,"column":3}},"4":{"start":{"line":8,"column":4},"end":{"line":8,"column":23}},"5":{"start":{"line":10,"column":4},"end":{"line":10,"column":44}},"6":{"start":{"line":11,"column":4},"end":{"line":11,"column":42}},"7":{"start":{"line":13,"column":2},"end":{"line":18,"column":4}},"8":{"start":{"line":21,"column":0},"end":{"line":23,"column":2}}},"fnMap":{"0":{"name":"(anonymous_0)","decl":{"start":{"line":4,"column":16},"end":{"line":4,"column":17}},"loc":{"start":{"line":4,"column":33},"end":{"line":19,"column":1}},"line":4}},"branchMap":{"0":{"loc":{"start":{"line":7,"column":2},"end":{"line":12,"column":3}},"type":"if","locations":[{"start":{"line":7,"column":2},"end":{"line":12,"column":3}},{"start":{"line":7,"column":2},"end":{"line":12,"column":3}}],"line":7},"1":{"loc":{"start":{"line":15,"column":49},"end":{"line":15,"column":111}},"type":"cond-expr","locations":[{"start":{"line":15,"column":61},"end":{"line":15,"column":84}},{"start":{"line":15,"column":87},"end":{"line":15,"column":111}}],"line":15},"2":{"loc":{"start":{"line":16,"column":46},"end":{"line":16,"column":61}},"type":"binary-expr","locations":[{"start":{"line":16,"column":46},"end":{"line":16,"column":55}},{"start":{"line":16,"column":59},"end":{"line":16,"column":61}}],"line":16}},"s":{"0":1,"1":0,"2":0,"3":0,"4":0,"5":0,"6":0,"7":0,"8":1},"f":{"0":0},"b":{"0":[0,0],"1":[0,0],"2":[0,0]},"_coverageSchema":"1a1c01bbd47fc00a2c39e90264f33305004495a9","hash":"34f2c07f3a18e7b1aa3210efa34c7259e6c5480b"}
,"/Users/nickwtimms/Desktop/Galvanize_Work/FEC/ratings-and-reviews/client/src/components/singleReview/reviewTile.jsx": {"path":"/Users/nickwtimms/Desktop/Galvanize_Work/FEC/ratings-and-reviews/client/src/components/singleReview/reviewTile.jsx","statementMap":{"0":{"start":{"line":12,"column":19},"end":{"line":53,"column":1}},"1":{"start":{"line":13,"column":32},"end":{"line":13,"column":44}},"2":{"start":{"line":14,"column":31},"end":{"line":14,"column":50}},"3":{"start":{"line":15,"column":17},"end":{"line":15,"column":139}},"4":{"start":{"line":17,"column":2},"end":{"line":38,"column":35}},"5":{"start":{"line":18,"column":4},"end":{"line":18,"column":26}},"6":{"start":{"line":19,"column":4},"end":{"line":37,"column":5}},"7":{"start":{"line":20,"column":6},"end":{"line":20,"column":24}},"8":{"start":{"line":22,"column":16},"end":{"line":22,"column":35}},"9":{"start":{"line":23,"column":22},"end":{"line":23,"column":37}},"10":{"start":{"line":24,"column":20},"end":{"line":24,"column":35}},"11":{"start":{"line":25,"column":19},"end":{"line":25,"column":37}},"12":{"start":{"line":26,"column":19},"end":{"line":26,"column":33}},"13":{"start":{"line":28,"column":6},"end":{"line":34,"column":7}},"14":{"start":{"line":29,"column":8},"end":{"line":29,"column":26}},"15":{"start":{"line":30,"column":13},"end":{"line":34,"column":7}},"16":{"start":{"line":31,"column":8},"end":{"line":31,"column":26}},"17":{"start":{"line":33,"column":8},"end":{"line":33,"column":26}},"18":{"start":{"line":35,"column":22},"end":{"line":35,"column":63}},"19":{"start":{"line":36,"column":6},"end":{"line":36,"column":26}},"20":{"start":{"line":40,"column":2},"end":{"line":52,"column":4}},"21":{"start":{"line":55,"column":0},"end":{"line":67,"column":2}}},"fnMap":{"0":{"name":"(anonymous_0)","decl":{"start":{"line":12,"column":19},"end":{"line":12,"column":20}},"loc":{"start":{"line":12,"column":43},"end":{"line":53,"column":1}},"line":12},"1":{"name":"(anonymous_1)","decl":{"start":{"line":17,"column":12},"end":{"line":17,"column":13}},"loc":{"start":{"line":17,"column":18},"end":{"line":38,"column":3}},"line":17}},"branchMap":{"0":{"loc":{"start":{"line":19,"column":4},"end":{"line":37,"column":5}},"type":"if","locations":[{"start":{"line":19,"column":4},"end":{"line":37,"column":5}},{"start":{"line":19,"column":4},"end":{"line":37,"column":5}}],"line":19},"1":{"loc":{"start":{"line":28,"column":6},"end":{"line":34,"column":7}},"type":"if","locations":[{"start":{"line":28,"column":6},"end":{"line":34,"column":7}},{"start":{"line":28,"column":6},"end":{"line":34,"column":7}}],"line":28},"2":{"loc":{"start":{"line":28,"column":10},"end":{"line":28,"column":37}},"type":"binary-expr","locations":[{"start":{"line":28,"column":10},"end":{"line":28,"column":20}},{"start":{"line":28,"column":24},"end":{"line":28,"column":37}}],"line":28},"3":{"loc":{"start":{"line":30,"column":13},"end":{"line":34,"column":7}},"type":"if","locations":[{"start":{"line":30,"column":13},"end":{"line":34,"column":7}},{"start":{"line":30,"column":13},"end":{"line":34,"column":7}}],"line":30},"4":{"loc":{"start":{"line":30,"column":17},"end":{"line":30,"column":44}},"type":"binary-expr","locations":[{"start":{"line":30,"column":17},"end":{"line":30,"column":27}},{"start":{"line":30,"column":31},"end":{"line":30,"column":44}}],"line":30},"5":{"loc":{"start":{"line":44,"column":33},"end":{"line":44,"column":57}},"type":"binary-expr","locations":[{"start":{"line":44,"column":33},"end":{"line":44,"column":51}},{"start":{"line":44,"column":55},"end":{"line":44,"column":57}}],"line":44},"6":{"loc":{"start":{"line":45,"column":9},"end":{"line":45,"column":20}},"type":"binary-expr","locations":[{"start":{"line":45,"column":9},"end":{"line":45,"column":14}},{"start":{"line":45,"column":18},"end":{"line":45,"column":20}}],"line":45},"7":{"loc":{"start":{"line":46,"column":9},"end":{"line":46,"column":22}},"type":"binary-expr","locations":[{"start":{"line":46,"column":9},"end":{"line":46,"column":16}},{"start":{"line":46,"column":20},"end":{"line":46,"column":22}}],"line":46}},"s":{"0":1,"1":0,"2":0,"3":0,"4":0,"5":0,"6":0,"7":0,"8":0,"9":0,"10":0,"11":0,"12":0,"13":0,"14":0,"15":0,"16":0,"17":0,"18":0,"19":0,"20":0,"21":1},"f":{"0":0,"1":0},"b":{"0":[0,0],"1":[0,0],"2":[0,0],"3":[0,0],"4":[0,0],"5":[0,0],"6":[0,0],"7":[0,0]},"_coverageSchema":"1a1c01bbd47fc00a2c39e90264f33305004495a9","hash":"d2fe3adb47acd41e0d43e5bf5c2ff00581b7392c"}
}
